#
# A fatal error has been detected by the Java Runtime Environment:
#
#  Internal Error (javaClasses.cpp:129), pid=4436, tid=4396
#  fatal error: Invalid layout of preloaded class
#
# JRE version: 7.0_09-b05
# Java VM: Java HotSpot(TM) 64-Bit Server VM (23.5-b02 mixed mode windows-amd64 compressed oops)
# Failed to write core dump. Minidumps are not enabled by default on client versions of Windows
#
# If you would like to submit a bug report, please visit:
#   http://bugreport.sun.com/bugreport/crash.jsp
#

---------------  T H R E A D  ---------------

Current thread (0x000000000134d800):  JavaThread "Unknown thread" [_thread_in_vm, id=4396, stack(0x0000000002aa0000,0x0000000002ba0000)]

Stack: [0x0000000002aa0000,0x0000000002ba0000]

---------------  P R O C E S S  ---------------

Java Threads: ( => current thread )

Other Threads:

=>0x000000000134d800 (exited) JavaThread "Unknown thread" [_thread_in_vm, id=4396, stack(0x0000000002aa0000,0x0000000002ba0000)]

VM state:not at safepoint (not fully initialized)

VM Mutex/Monitor currently owned by a thread: None

GC Heap History (0 events):
No events

Deoptimization events (0 events):
No events

Internal exceptions (0 events):
No events

Events (10 events):
Event: 0.006 loading class 0x0000000002f18370 done
Event: 0.006 loading class 0x0000000002ee0630 done
Event: 0.006 loading class 0x0000000002ee0180
Event: 0.006 loading class 0x0000000002f1fcc0
Event: 0.006 loading class 0x0000000002f1fcc0 done
Event: 0.006 loading class 0x0000000002f1fd00
Event: 0.006 loading class 0x0000000002f1fd00 done
Event: 0.006 loading class 0x0000000002f3afa0
Event: 0.006 loading class 0x0000000002f3afa0 done
Event: 0.006 loading class 0x0000000002ee0180 done


Dynamic libraries:
0x000007f70de40000 - 0x000007f70de74000 	C:\Program Files\Java\jre7\bin\javaw.exe
0x000007f928310000 - 0x000007f9284ce000 	C:\Windows\SYSTEM32\ntdll.dll
0x000007f926b90000 - 0x000007f926cc6000 	C:\Windows\system32\KERNEL32.DLL
0x000007f926970000 - 0x000007f926a63000 	C:\Windows\system32\KERNELBASE.dll
0x000007f928230000 - 0x000007f92830e000 	C:\Windows\system32\ADVAPI32.dll
0x000007f927ec0000 - 0x000007f92800c000 	C:\Windows\system32\USER32.dll
0x000007f923010000 - 0x000007f923279000 	C:\Windows\WinSxS\amd64_microsoft.windows.common-controls_6595b64144ccf1df_6.0.9200.16384_none_418c2a697189c07f\COMCTL32.dll
0x000007f927620000 - 0x000007f9276c5000 	C:\Windows\system32\msvcrt.dll
0x000007f927530000 - 0x000007f927578000 	C:\Windows\SYSTEM32\sechost.dll
0x000007f926ee0000 - 0x000007f927020000 	C:\Windows\system32\RPCRT4.dll
0x000007f927720000 - 0x000007f927860000 	C:\Windows\system32\GDI32.dll
0x000007f9281f0000 - 0x000007f928229000 	C:\Windows\system32\IMM32.DLL
0x000007f926a70000 - 0x000007f926b84000 	C:\Windows\system32\MSCTF.dll
0x000000006ad60000 - 0x000000006ae31000 	C:\Program Files\Java\jre7\bin\msvcr100.dll
0x000000006a640000 - 0x000000006ad5f000 	C:\Program Files\Java\jre7\bin\server\jvm.dll
0x000007f9249a0000 - 0x000007f9249a9000 	C:\Windows\SYSTEM32\WSOCK32.dll
0x000007f91a5c0000 - 0x000007f91a5e0000 	C:\Windows\SYSTEM32\WINMM.dll
0x000007f928010000 - 0x000007f928017000 	C:\Windows\system32\PSAPI.DLL
0x000007f926e80000 - 0x000007f926ed8000 	C:\Windows\system32\WS2_32.dll
0x000007f91a580000 - 0x000007f91a5b2000 	C:\Windows\SYSTEM32\WINMMBASE.dll
0x000007f927930000 - 0x000007f927939000 	C:\Windows\system32\NSI.dll
0x000000006b240000 - 0x000000006b24f000 	C:\Program Files\Java\jre7\bin\verify.dll
0x000000006a610000 - 0x000000006a638000 	C:\Program Files\Java\jre7\bin\java.dll
0x000000006a5f0000 - 0x000000006a605000 	C:\Program Files\Java\jre7\bin\zip.dll

VM Arguments:
jvm_args: -Dfile.encoding=UTF-8 -Xbootclasspath:C:\Users\Minsik\Downloads\1\android-sdk_r20.0.3-windows\android-sdk-windows\platforms\android-10\android.jar 
java_command: com.example.embedeed_project.AppInfo
Launcher Type: SUN_STANDARD

Environment Variables:
JAVA_HOME=C:\Program Files\Java\jdk1.7.0_09
CLASSPATH=C:\Program Files\Java\jdk1.7.0_09\lib\tools,jar
PATH=C:\Program Files (x86)\AMD APP\bin\x86_64;C:\Program Files (x86)\AMD APP\bin\x86;C:\Program Files (x86)\Common Files\NetSarang;C:\Windows\system32;C:\Windows;C:\Windows\System32\Wbem;C:\Windows\System32\WindowsPowerShell\v1.0\;C:\Program Files (x86)\ATI Technologies\ATI.ACE\Core-Static;C:\Program Files\Microsoft\Web Platform Installer\;C:\Program Files (x86)\Microsoft ASP.NET\ASP.NET Web Pages\v1.0\;C:\Program Files (x86)\Windows Kits\8.0\Windows Performance Toolkit\;C:\Program Files\MySQL\MySQL Server 5.5\bin;C:\Program Files\Java\jdk1.7.0_09\bin;
USERNAME=Minsik
OS=Windows_NT
PROCESSOR_IDENTIFIER=Intel64 Family 6 Model 58 Stepping 9, GenuineIntel



---------------  S Y S T E M  ---------------

OS: Windows 8 , 64 bit Build 9200 

CPU:total 4 (4 cores per cpu, 1 threads per core) family 6 model 58 stepping 9, cmov, cx8, fxsr, mmx, sse, sse2, sse3, ssse3, sse4.1, sse4.2, popcnt, avx, tsc, tscinvbit, tscinv

Memory: 4k page, physical 16756832k(12722472k free), swap 16756832k(10758124k free)

vm_info: Java HotSpot(TM) 64-Bit Server VM (23.5-b02) for windows-amd64 JRE (1.7.0_09-b05), built on Sep 24 2012 21:45:04 by "java_re" with unknown MS VC++:1600

time: Sat Nov 17 20:12:02 2012
elapsed time: 0 seconds

